2180 [main] DEBUG o.a.s.s.LifecycleBeanPostProcessor - Initializing bean [userRealm]...
2182 [main] DEBUG o.a.shiro.realm.AuthorizingRealm - No authorizationCache instance set.  Checking for a cacheManager...
2183 [main] INFO  o.a.shiro.realm.AuthorizingRealm - No cache or cacheManager properties have been set.  Authorization cache cannot be obtained.
2374 [main] DEBUG o.a.shiro.realm.AuthorizingRealm - No authorizationCache instance set.  Checking for a cacheManager...
2375 [main] DEBUG o.a.shiro.realm.AuthorizingRealm - CacheManager [cn.gov.baiyin.court.core.shiro.ShiroCacheManager@420bc288] has been configured.  Building authorization cache named [cn.gov.baiyin.court.core.shiro.MyAccountRealm.authorizationCache]
2735 [main] TRACE o.a.s.w.f.a.FormAuthenticationFilter - Adding login url to applied paths.
2762 [main] TRACE o.a.s.w.f.a.FormAuthenticationFilter - Adding login url to applied paths.
3205 [main] TRACE org.apache.shiro.config.Ini - Discovered key/value pair: /login=authc
3216 [main] TRACE org.apache.shiro.config.Ini - Discovered key/value pair: /admin/**=roles[admin]
3217 [main] TRACE org.apache.shiro.config.Ini - Discovered key/value pair: /**=user
3217 [main] TRACE org.apache.shiro.config.Ini - Specified name was null or empty.  Defaulting to the default section (name = "")
3266 [main] TRACE o.a.s.s.web.ShiroFilterFactoryBean - Ignoring non-Filter bean 'org.springframework.context.event.internalEventListenerProcessor'
3277 [main] TRACE o.a.s.s.web.ShiroFilterFactoryBean - Ignoring non-Filter bean 'org.springframework.context.event.internalEventListenerFactory'
3629 [main] TRACE o.a.s.s.web.ShiroFilterFactoryBean - Ignoring non-Filter bean 'dataSource'
5277 [main] INFO  c.a.druid.pool.DruidDataSource - {dataSource-1} inited
6057 [main] TRACE o.a.s.s.web.ShiroFilterFactoryBean - Ignoring non-Filter bean 'sqlSessionFactory'
6373 [main] TRACE o.a.s.s.web.ShiroFilterFactoryBean - Ignoring non-Filter bean 'indexController'
6411 [main] TRACE o.a.s.s.web.ShiroFilterFactoryBean - Ignoring non-Filter bean 'mvcContentNegotiationManager'
6548 [main] TRACE o.a.s.s.web.ShiroFilterFactoryBean - Ignoring non-Filter bean 'mvcCorsConfigurations'
6660 [main] TRACE o.a.s.s.web.ShiroFilterFactoryBean - Ignoring non-Filter bean 'org.springframework.format.support.FormattingConversionServiceFactoryBean#0'
6936 [main] TRACE o.a.s.s.web.ShiroFilterFactoryBean - Ignoring non-Filter bean '(inner bean)#58294867'
6944 [main] TRACE o.a.s.s.web.ShiroFilterFactoryBean - Ignoring non-Filter bean 'org.springframework.web.servlet.handler.MappedInterceptor#0'
6951 [main] TRACE o.a.s.s.web.ShiroFilterFactoryBean - Ignoring non-Filter bean '(inner bean)#15f2eda3'
6959 [main] TRACE o.a.s.s.web.ShiroFilterFactoryBean - Ignoring non-Filter bean '(inner bean)#21618fa7'
6962 [main] TRACE o.a.s.s.web.ShiroFilterFactoryBean - Ignoring non-Filter bean 'org.springframework.web.servlet.handler.MappedInterceptor#1'
6963 [main] TRACE o.a.s.s.web.ShiroFilterFactoryBean - Ignoring non-Filter bean 'org.springframework.web.servlet.mvc.method.annotation.RequestMappingHandlerMapping'
8411 [main] TRACE o.a.s.s.web.ShiroFilterFactoryBean - Ignoring non-Filter bean '(inner bean)#73010765'
8422 [main] TRACE o.a.s.s.web.ShiroFilterFactoryBean - Ignoring non-Filter bean '(inner bean)#69391e08'
8438 [main] TRACE o.a.s.s.web.ShiroFilterFactoryBean - Ignoring non-Filter bean '(inner bean)#6884f0d9'
8452 [main] TRACE o.a.s.s.web.ShiroFilterFactoryBean - Ignoring non-Filter bean '(inner bean)#49ec6a9f'
8470 [main] TRACE o.a.s.s.web.ShiroFilterFactoryBean - Ignoring non-Filter bean '(inner bean)#26b95b0b'
8509 [main] TRACE o.a.s.s.web.ShiroFilterFactoryBean - Ignoring non-Filter bean '(inner bean)#5f7da3d3'
8571 [main] TRACE o.a.s.s.web.ShiroFilterFactoryBean - Ignoring non-Filter bean '(inner bean)#56afdf9a'
8654 [main] TRACE o.a.s.s.web.ShiroFilterFactoryBean - Ignoring non-Filter bean '(inner bean)#77ec6a3d'
9225 [main] TRACE o.a.s.s.web.ShiroFilterFactoryBean - Ignoring non-Filter bean '(inner bean)#64fe9da7'
9289 [main] TRACE o.a.s.s.web.ShiroFilterFactoryBean - Ignoring non-Filter bean '(inner bean)#188cbcde'
9299 [main] TRACE o.a.s.s.web.ShiroFilterFactoryBean - Ignoring non-Filter bean '(inner bean)#4ee6291f'
9304 [main] TRACE o.a.s.s.web.ShiroFilterFactoryBean - Ignoring non-Filter bean 'org.springframework.web.servlet.mvc.method.annotation.RequestMappingHandlerAdapter'
9631 [main] TRACE o.a.s.s.web.ShiroFilterFactoryBean - Ignoring non-Filter bean '(inner bean)#73010765#1'
9635 [main] TRACE o.a.s.s.web.ShiroFilterFactoryBean - Ignoring non-Filter bean '(inner bean)#69391e08#1'
9646 [main] TRACE o.a.s.s.web.ShiroFilterFactoryBean - Ignoring non-Filter bean '(inner bean)#6884f0d9#1'
9659 [main] TRACE o.a.s.s.web.ShiroFilterFactoryBean - Ignoring non-Filter bean '(inner bean)#49ec6a9f#1'
9672 [main] TRACE o.a.s.s.web.ShiroFilterFactoryBean - Ignoring non-Filter bean '(inner bean)#26b95b0b#1'
9699 [main] TRACE o.a.s.s.web.ShiroFilterFactoryBean - Ignoring non-Filter bean '(inner bean)#5f7da3d3#1'
9707 [main] TRACE o.a.s.s.web.ShiroFilterFactoryBean - Ignoring non-Filter bean '(inner bean)#56afdf9a#1'
9741 [main] TRACE o.a.s.s.web.ShiroFilterFactoryBean - Ignoring non-Filter bean '(inner bean)#77ec6a3d#1'
10162 [main] TRACE o.a.s.s.web.ShiroFilterFactoryBean - Ignoring non-Filter bean '(inner bean)#64fe9da7#1'
10212 [main] TRACE o.a.s.s.web.ShiroFilterFactoryBean - Ignoring non-Filter bean '(inner bean)#188cbcde#1'
10216 [main] TRACE o.a.s.s.web.ShiroFilterFactoryBean - Ignoring non-Filter bean '(inner bean)#4ee6291f#1'
10217 [main] TRACE o.a.s.s.web.ShiroFilterFactoryBean - Ignoring non-Filter bean '(inner bean)#60f70249'
10418 [main] TRACE o.a.s.s.web.ShiroFilterFactoryBean - Ignoring non-Filter bean 'mvcUriComponentsContributor'
10440 [main] TRACE o.a.s.s.web.ShiroFilterFactoryBean - Ignoring non-Filter bean '(inner bean)#69391e08#2'
10449 [main] TRACE o.a.s.s.web.ShiroFilterFactoryBean - Ignoring non-Filter bean '(inner bean)#6884f0d9#2'
10460 [main] TRACE o.a.s.s.web.ShiroFilterFactoryBean - Ignoring non-Filter bean '(inner bean)#49ec6a9f#2'
10470 [main] TRACE o.a.s.s.web.ShiroFilterFactoryBean - Ignoring non-Filter bean '(inner bean)#26b95b0b#2'
10494 [main] TRACE o.a.s.s.web.ShiroFilterFactoryBean - Ignoring non-Filter bean '(inner bean)#5f7da3d3#2'
10501 [main] TRACE o.a.s.s.web.ShiroFilterFactoryBean - Ignoring non-Filter bean '(inner bean)#56afdf9a#2'
10536 [main] TRACE o.a.s.s.web.ShiroFilterFactoryBean - Ignoring non-Filter bean '(inner bean)#77ec6a3d#2'
10948 [main] TRACE o.a.s.s.web.ShiroFilterFactoryBean - Ignoring non-Filter bean '(inner bean)#64fe9da7#2'
10995 [main] TRACE o.a.s.s.web.ShiroFilterFactoryBean - Ignoring non-Filter bean '(inner bean)#26c47874'
10997 [main] TRACE o.a.s.s.web.ShiroFilterFactoryBean - Ignoring non-Filter bean 'org.springframework.web.servlet.mvc.method.annotation.ExceptionHandlerExceptionResolver#0'
11041 [main] TRACE o.a.s.s.web.ShiroFilterFactoryBean - Ignoring non-Filter bean 'org.springframework.web.servlet.mvc.annotation.ResponseStatusExceptionResolver#0'
11050 [main] TRACE o.a.s.s.web.ShiroFilterFactoryBean - Ignoring non-Filter bean 'org.springframework.web.servlet.mvc.support.DefaultHandlerExceptionResolver#0'
11077 [main] TRACE o.a.s.s.web.ShiroFilterFactoryBean - Ignoring non-Filter bean 'org.springframework.web.servlet.handler.BeanNameUrlHandlerMapping'
11174 [main] TRACE o.a.s.s.web.ShiroFilterFactoryBean - Ignoring non-Filter bean 'org.springframework.web.servlet.mvc.HttpRequestHandlerAdapter'
11177 [main] TRACE o.a.s.s.web.ShiroFilterFactoryBean - Ignoring non-Filter bean 'org.springframework.web.servlet.mvc.SimpleControllerHandlerAdapter'
11181 [main] TRACE o.a.s.s.web.ShiroFilterFactoryBean - Ignoring non-Filter bean 'org.springframework.web.servlet.resource.DefaultServletHttpRequestHandler#0'
11190 [main] TRACE o.a.s.s.web.ShiroFilterFactoryBean - Ignoring non-Filter bean 'org.springframework.web.servlet.handler.SimpleUrlHandlerMapping#0'
11284 [main] TRACE o.a.s.s.web.ShiroFilterFactoryBean - Ignoring non-Filter bean 'mvcResourceUrlProvider'
11307 [main] TRACE o.a.s.s.web.ShiroFilterFactoryBean - Ignoring non-Filter bean 'org.springframework.web.servlet.resource.ResourceHttpRequestHandler#0'
11441 [main] TRACE o.a.s.s.web.ShiroFilterFactoryBean - Ignoring non-Filter bean 'mvcPathMatcher'
11446 [main] TRACE o.a.s.s.web.ShiroFilterFactoryBean - Ignoring non-Filter bean 'mvcUrlPathHelper'
11451 [main] TRACE o.a.s.s.web.ShiroFilterFactoryBean - Ignoring non-Filter bean 'org.springframework.web.servlet.handler.SimpleUrlHandlerMapping#1'
13376 [main] TRACE o.a.s.s.web.ShiroFilterFactoryBean - Ignoring non-Filter bean 'org.springframework.web.servlet.view.InternalResourceViewResolver#0'
13533 [main] TRACE o.a.s.s.web.ShiroFilterFactoryBean - Ignoring non-Filter bean 'org.springframework.http.converter.json.MappingJackson2HttpMessageConverter#0'
13732 [main] TRACE o.a.s.s.web.ShiroFilterFactoryBean - Ignoring non-Filter bean 'multipartResolver'
14282 [main] TRACE o.a.s.s.web.ShiroFilterFactoryBean - Ignoring non-Filter bean 'cn.gov.baiyin.court.test.MainTest'
1326521 [Thread-1] INFO  c.a.druid.pool.DruidDataSource - {dataSource-1} closed
1326525 [Thread-1] DEBUG o.a.s.s.LifecycleBeanPostProcessor - Destroying bean [securityManager]...
708  [main] DEBUG o.a.s.s.LifecycleBeanPostProcessor - Initializing bean [userRealm]...
712  [main] DEBUG o.a.shiro.realm.AuthorizingRealm - No authorizationCache instance set.  Checking for a cacheManager...
712  [main] INFO  o.a.shiro.realm.AuthorizingRealm - No cache or cacheManager properties have been set.  Authorization cache cannot be obtained.
962  [main] DEBUG o.a.shiro.realm.AuthorizingRealm - No authorizationCache instance set.  Checking for a cacheManager...
963  [main] DEBUG o.a.shiro.realm.AuthorizingRealm - CacheManager [cn.gov.baiyin.court.core.shiro.ShiroCacheManager@420bc288] has been configured.  Building authorization cache named [cn.gov.baiyin.court.core.shiro.MyAccountRealm.authorizationCache]
1278 [main] TRACE o.a.s.w.f.a.FormAuthenticationFilter - Adding login url to applied paths.
1301 [main] TRACE o.a.s.w.f.a.FormAuthenticationFilter - Adding login url to applied paths.
1761 [main] TRACE org.apache.shiro.config.Ini - Discovered key/value pair: /login=authc
1764 [main] TRACE org.apache.shiro.config.Ini - Discovered key/value pair: /admin/**=roles[admin]
1764 [main] TRACE org.apache.shiro.config.Ini - Discovered key/value pair: /**=user
1766 [main] TRACE org.apache.shiro.config.Ini - Specified name was null or empty.  Defaulting to the default section (name = "")
1785 [main] TRACE o.a.s.s.web.ShiroFilterFactoryBean - Ignoring non-Filter bean 'org.springframework.context.event.internalEventListenerProcessor'
1792 [main] TRACE o.a.s.s.web.ShiroFilterFactoryBean - Ignoring non-Filter bean 'org.springframework.context.event.internalEventListenerFactory'
1932 [main] TRACE o.a.s.s.web.ShiroFilterFactoryBean - Ignoring non-Filter bean 'dataSource'
2479 [main] INFO  c.a.druid.pool.DruidDataSource - {dataSource-1} inited
3219 [main] TRACE o.a.s.s.web.ShiroFilterFactoryBean - Ignoring non-Filter bean 'sqlSessionFactory'
3309 [main] INFO  c.a.druid.pool.DruidDataSource - {dataSource-1} closed
3310 [main] DEBUG o.a.s.s.LifecycleBeanPostProcessor - Destroying bean [securityManager]...
824  [main] DEBUG o.a.s.s.LifecycleBeanPostProcessor - Initializing bean [userRealm]...
829  [main] DEBUG o.a.shiro.realm.AuthorizingRealm - No authorizationCache instance set.  Checking for a cacheManager...
829  [main] INFO  o.a.shiro.realm.AuthorizingRealm - No cache or cacheManager properties have been set.  Authorization cache cannot be obtained.
1045 [main] DEBUG o.a.shiro.realm.AuthorizingRealm - No authorizationCache instance set.  Checking for a cacheManager...
1045 [main] DEBUG o.a.shiro.realm.AuthorizingRealm - CacheManager [cn.gov.baiyin.court.core.shiro.ShiroCacheManager@420bc288] has been configured.  Building authorization cache named [cn.gov.baiyin.court.core.shiro.MyAccountRealm.authorizationCache]
1376 [main] TRACE o.a.s.w.f.a.FormAuthenticationFilter - Adding login url to applied paths.
1410 [main] TRACE o.a.s.w.f.a.FormAuthenticationFilter - Adding login url to applied paths.
1800 [main] TRACE org.apache.shiro.config.Ini - Discovered key/value pair: /login=authc
1804 [main] TRACE org.apache.shiro.config.Ini - Discovered key/value pair: /admin/**=roles[admin]
1804 [main] TRACE org.apache.shiro.config.Ini - Discovered key/value pair: /**=user
1805 [main] TRACE org.apache.shiro.config.Ini - Specified name was null or empty.  Defaulting to the default section (name = "")
1828 [main] TRACE o.a.s.s.web.ShiroFilterFactoryBean - Ignoring non-Filter bean 'org.springframework.context.event.internalEventListenerProcessor'
1837 [main] TRACE o.a.s.s.web.ShiroFilterFactoryBean - Ignoring non-Filter bean 'org.springframework.context.event.internalEventListenerFactory'
1981 [main] TRACE o.a.s.s.web.ShiroFilterFactoryBean - Ignoring non-Filter bean 'dataSource'
2506 [main] INFO  c.a.druid.pool.DruidDataSource - {dataSource-1} inited
3253 [main] TRACE o.a.s.s.web.ShiroFilterFactoryBean - Ignoring non-Filter bean 'sqlSessionFactory'
3642 [main] INFO  c.a.druid.pool.DruidDataSource - {dataSource-1} closed
3643 [main] DEBUG o.a.s.s.LifecycleBeanPostProcessor - Destroying bean [securityManager]...
593  [main] DEBUG o.a.s.s.LifecycleBeanPostProcessor - Initializing bean [userRealm]...
597  [main] DEBUG o.a.shiro.realm.AuthorizingRealm - No authorizationCache instance set.  Checking for a cacheManager...
597  [main] INFO  o.a.shiro.realm.AuthorizingRealm - No cache or cacheManager properties have been set.  Authorization cache cannot be obtained.
605  [main] DEBUG o.a.shiro.realm.AuthorizingRealm - No authorizationCache instance set.  Checking for a cacheManager...
606  [main] DEBUG o.a.shiro.realm.AuthorizingRealm - CacheManager [cn.gov.baiyin.court.core.shiro.ShiroCacheManager@6058e535] has been configured.  Building authorization cache named [cn.gov.baiyin.court.core.shiro.MyAccountRealm.authorizationCache]
746  [main] TRACE o.a.s.w.f.a.FormAuthenticationFilter - Adding login url to applied paths.
766  [main] TRACE o.a.s.w.f.a.FormAuthenticationFilter - Adding login url to applied paths.
1099 [main] TRACE org.apache.shiro.config.Ini - Discovered key/value pair: /login=authc
1105 [main] TRACE org.apache.shiro.config.Ini - Discovered key/value pair: /admin/**=roles[admin]
1105 [main] TRACE org.apache.shiro.config.Ini - Discovered key/value pair: /**=user
1106 [main] TRACE org.apache.shiro.config.Ini - Specified name was null or empty.  Defaulting to the default section (name = "")
1133 [main] TRACE o.a.s.s.web.ShiroFilterFactoryBean - Ignoring non-Filter bean 'org.springframework.context.event.internalEventListenerProcessor'
1141 [main] TRACE o.a.s.s.web.ShiroFilterFactoryBean - Ignoring non-Filter bean 'org.springframework.context.event.internalEventListenerFactory'
1313 [main] TRACE o.a.s.s.web.ShiroFilterFactoryBean - Ignoring non-Filter bean 'dataSource'
1843 [main] INFO  c.a.druid.pool.DruidDataSource - {dataSource-1} inited
2181 [main] TRACE o.a.s.s.web.ShiroFilterFactoryBean - Ignoring non-Filter bean 'sqlSessionFactory'
2267 [main] TRACE o.a.s.s.web.ShiroFilterFactoryBean - Ignoring non-Filter bean 'indexController'
2289 [main] TRACE o.a.s.s.web.ShiroFilterFactoryBean - Ignoring non-Filter bean 'mvcContentNegotiationManager'
2351 [main] TRACE o.a.s.s.web.ShiroFilterFactoryBean - Ignoring non-Filter bean 'mvcCorsConfigurations'
2399 [main] TRACE o.a.s.s.web.ShiroFilterFactoryBean - Ignoring non-Filter bean 'org.springframework.format.support.FormattingConversionServiceFactoryBean#0'
2519 [main] TRACE o.a.s.s.web.ShiroFilterFactoryBean - Ignoring non-Filter bean '(inner bean)#21fdfefc'
2533 [main] TRACE o.a.s.s.web.ShiroFilterFactoryBean - Ignoring non-Filter bean 'org.springframework.web.servlet.handler.MappedInterceptor#0'
2543 [main] TRACE o.a.s.s.web.ShiroFilterFactoryBean - Ignoring non-Filter bean '(inner bean)#309028af'
2550 [main] TRACE o.a.s.s.web.ShiroFilterFactoryBean - Ignoring non-Filter bean '(inner bean)#2f04105'
2554 [main] TRACE o.a.s.s.web.ShiroFilterFactoryBean - Ignoring non-Filter bean 'org.springframework.web.servlet.handler.MappedInterceptor#1'
2556 [main] TRACE o.a.s.s.web.ShiroFilterFactoryBean - Ignoring non-Filter bean 'org.springframework.web.servlet.mvc.method.annotation.RequestMappingHandlerMapping'
3127 [main] TRACE o.a.s.s.web.ShiroFilterFactoryBean - Ignoring non-Filter bean '(inner bean)#665522c2'
3140 [main] TRACE o.a.s.s.web.ShiroFilterFactoryBean - Ignoring non-Filter bean '(inner bean)#78c1372d'
3151 [main] TRACE o.a.s.s.web.ShiroFilterFactoryBean - Ignoring non-Filter bean '(inner bean)#73d4066e'
3162 [main] TRACE o.a.s.s.web.ShiroFilterFactoryBean - Ignoring non-Filter bean '(inner bean)#25d2f66'
3174 [main] TRACE o.a.s.s.web.ShiroFilterFactoryBean - Ignoring non-Filter bean '(inner bean)#5a2fa51f'
3196 [main] TRACE o.a.s.s.web.ShiroFilterFactoryBean - Ignoring non-Filter bean '(inner bean)#71945bc0'
3210 [main] TRACE o.a.s.s.web.ShiroFilterFactoryBean - Ignoring non-Filter bean '(inner bean)#6ecdbab8'
3245 [main] TRACE o.a.s.s.web.ShiroFilterFactoryBean - Ignoring non-Filter bean '(inner bean)#3c69362a'
3517 [main] TRACE o.a.s.s.web.ShiroFilterFactoryBean - Ignoring non-Filter bean '(inner bean)#3dd4a6fa'
3549 [main] TRACE o.a.s.s.web.ShiroFilterFactoryBean - Ignoring non-Filter bean '(inner bean)#31ee2fdb'
3562 [main] TRACE o.a.s.s.web.ShiroFilterFactoryBean - Ignoring non-Filter bean '(inner bean)#262816a8'
3564 [main] TRACE o.a.s.s.web.ShiroFilterFactoryBean - Ignoring non-Filter bean 'org.springframework.web.servlet.mvc.method.annotation.RequestMappingHandlerAdapter'
3756 [main] TRACE o.a.s.s.web.ShiroFilterFactoryBean - Ignoring non-Filter bean '(inner bean)#665522c2#1'
3765 [main] TRACE o.a.s.s.web.ShiroFilterFactoryBean - Ignoring non-Filter bean '(inner bean)#78c1372d#1'
3773 [main] TRACE o.a.s.s.web.ShiroFilterFactoryBean - Ignoring non-Filter bean '(inner bean)#73d4066e#1'
3782 [main] TRACE o.a.s.s.web.ShiroFilterFactoryBean - Ignoring non-Filter bean '(inner bean)#25d2f66#1'
3791 [main] TRACE o.a.s.s.web.ShiroFilterFactoryBean - Ignoring non-Filter bean '(inner bean)#5a2fa51f#1'
3809 [main] TRACE o.a.s.s.web.ShiroFilterFactoryBean - Ignoring non-Filter bean '(inner bean)#71945bc0#1'
3812 [main] TRACE o.a.s.s.web.ShiroFilterFactoryBean - Ignoring non-Filter bean '(inner bean)#6ecdbab8#1'
3830 [main] TRACE o.a.s.s.web.ShiroFilterFactoryBean - Ignoring non-Filter bean '(inner bean)#3c69362a#1'
4024 [main] TRACE o.a.s.s.web.ShiroFilterFactoryBean - Ignoring non-Filter bean '(inner bean)#3dd4a6fa#1'
4053 [main] TRACE o.a.s.s.web.ShiroFilterFactoryBean - Ignoring non-Filter bean '(inner bean)#31ee2fdb#1'
4058 [main] TRACE o.a.s.s.web.ShiroFilterFactoryBean - Ignoring non-Filter bean '(inner bean)#262816a8#1'
4063 [main] TRACE o.a.s.s.web.ShiroFilterFactoryBean - Ignoring non-Filter bean '(inner bean)#7ecec90d'
4154 [main] TRACE o.a.s.s.web.ShiroFilterFactoryBean - Ignoring non-Filter bean 'mvcUriComponentsContributor'
4176 [main] TRACE o.a.s.s.web.ShiroFilterFactoryBean - Ignoring non-Filter bean '(inner bean)#78c1372d#2'
4181 [main] TRACE o.a.s.s.web.ShiroFilterFactoryBean - Ignoring non-Filter bean '(inner bean)#73d4066e#2'
4186 [main] TRACE o.a.s.s.web.ShiroFilterFactoryBean - Ignoring non-Filter bean '(inner bean)#25d2f66#2'
4194 [main] TRACE o.a.s.s.web.ShiroFilterFactoryBean - Ignoring non-Filter bean '(inner bean)#5a2fa51f#2'
4210 [main] TRACE o.a.s.s.web.ShiroFilterFactoryBean - Ignoring non-Filter bean '(inner bean)#71945bc0#2'
4214 [main] TRACE o.a.s.s.web.ShiroFilterFactoryBean - Ignoring non-Filter bean '(inner bean)#6ecdbab8#2'
4234 [main] TRACE o.a.s.s.web.ShiroFilterFactoryBean - Ignoring non-Filter bean '(inner bean)#3c69362a#2'
4488 [main] TRACE o.a.s.s.web.ShiroFilterFactoryBean - Ignoring non-Filter bean '(inner bean)#3dd4a6fa#2'
4514 [main] TRACE o.a.s.s.web.ShiroFilterFactoryBean - Ignoring non-Filter bean '(inner bean)#dc4a691'
4516 [main] TRACE o.a.s.s.web.ShiroFilterFactoryBean - Ignoring non-Filter bean 'org.springframework.web.servlet.mvc.method.annotation.ExceptionHandlerExceptionResolver#0'
4545 [main] TRACE o.a.s.s.web.ShiroFilterFactoryBean - Ignoring non-Filter bean 'org.springframework.web.servlet.mvc.annotation.ResponseStatusExceptionResolver#0'
4553 [main] TRACE o.a.s.s.web.ShiroFilterFactoryBean - Ignoring non-Filter bean 'org.springframework.web.servlet.mvc.support.DefaultHandlerExceptionResolver#0'
4576 [main] TRACE o.a.s.s.web.ShiroFilterFactoryBean - Ignoring non-Filter bean 'org.springframework.web.servlet.handler.BeanNameUrlHandlerMapping'
4623 [main] TRACE o.a.s.s.web.ShiroFilterFactoryBean - Ignoring non-Filter bean 'org.springframework.web.servlet.mvc.HttpRequestHandlerAdapter'
4628 [main] TRACE o.a.s.s.web.ShiroFilterFactoryBean - Ignoring non-Filter bean 'org.springframework.web.servlet.mvc.SimpleControllerHandlerAdapter'
4633 [main] TRACE o.a.s.s.web.ShiroFilterFactoryBean - Ignoring non-Filter bean 'org.springframework.web.servlet.resource.DefaultServletHttpRequestHandler#0'
4644 [main] TRACE o.a.s.s.web.ShiroFilterFactoryBean - Ignoring non-Filter bean 'org.springframework.web.servlet.handler.SimpleUrlHandlerMapping#0'
4694 [main] TRACE o.a.s.s.web.ShiroFilterFactoryBean - Ignoring non-Filter bean 'mvcResourceUrlProvider'
4745 [main] TRACE o.a.s.s.web.ShiroFilterFactoryBean - Ignoring non-Filter bean 'org.springframework.web.servlet.resource.ResourceHttpRequestHandler#0'
4795 [main] TRACE o.a.s.s.web.ShiroFilterFactoryBean - Ignoring non-Filter bean 'mvcPathMatcher'
4799 [main] TRACE o.a.s.s.web.ShiroFilterFactoryBean - Ignoring non-Filter bean 'mvcUrlPathHelper'
4802 [main] TRACE o.a.s.s.web.ShiroFilterFactoryBean - Ignoring non-Filter bean 'org.springframework.web.servlet.handler.SimpleUrlHandlerMapping#1'
4917 [main] TRACE o.a.s.s.web.ShiroFilterFactoryBean - Ignoring non-Filter bean 'org.springframework.web.servlet.view.InternalResourceViewResolver#0'
4958 [main] TRACE o.a.s.s.web.ShiroFilterFactoryBean - Ignoring non-Filter bean 'org.springframework.http.converter.json.MappingJackson2HttpMessageConverter#0'
4994 [main] TRACE o.a.s.s.web.ShiroFilterFactoryBean - Ignoring non-Filter bean 'multipartResolver'
5154 [main] TRACE o.a.s.s.web.ShiroFilterFactoryBean - Ignoring non-Filter bean 'cn.gov.baiyin.court.test.MainTest'
29928 [Thread-1] INFO  c.a.druid.pool.DruidDataSource - {dataSource-1} closed
29929 [Thread-1] DEBUG o.a.s.s.LifecycleBeanPostProcessor - Destroying bean [securityManager]...
1294 [main] INFO  c.a.druid.pool.DruidDataSource - {dataSource-1} inited
1575 [main] DEBUG o.a.s.s.LifecycleBeanPostProcessor - Initializing bean [userRealm]...
1575 [main] DEBUG o.a.shiro.realm.AuthorizingRealm - No authorizationCache instance set.  Checking for a cacheManager...
1575 [main] INFO  o.a.shiro.realm.AuthorizingRealm - No cache or cacheManager properties have been set.  Authorization cache cannot be obtained.
1591 [main] DEBUG o.a.shiro.realm.AuthorizingRealm - No authorizationCache instance set.  Checking for a cacheManager...
1591 [main] DEBUG o.a.shiro.realm.AuthorizingRealm - CacheManager [cn.gov.baiyin.court.core.shiro.ShiroCacheManager@57c88764] has been configured.  Building authorization cache named [cn.gov.baiyin.court.core.shiro.MyAccountRealm.authorizationCache]
1931 [main] TRACE o.a.s.w.f.a.FormAuthenticationFilter - Adding login url to applied paths.
1957 [main] TRACE o.a.s.w.f.a.FormAuthenticationFilter - Adding login url to applied paths.
2256 [main] TRACE org.apache.shiro.config.Ini - Discovered key/value pair: /login=authc
2259 [main] TRACE org.apache.shiro.config.Ini - Discovered key/value pair: /admin/**=roles[admin]
2259 [main] TRACE org.apache.shiro.config.Ini - Discovered key/value pair: /**=user
2261 [main] TRACE org.apache.shiro.config.Ini - Specified name was null or empty.  Defaulting to the default section (name = "")
2286 [main] TRACE o.a.s.s.web.ShiroFilterFactoryBean - Ignoring non-Filter bean 'org.springframework.context.event.internalEventListenerProcessor'
2294 [main] TRACE o.a.s.s.web.ShiroFilterFactoryBean - Ignoring non-Filter bean 'org.springframework.context.event.internalEventListenerFactory'
2305 [main] TRACE o.a.s.s.web.ShiroFilterFactoryBean - Ignoring non-Filter bean 'indexController'
2327 [main] TRACE o.a.s.s.web.ShiroFilterFactoryBean - Ignoring non-Filter bean 'mvcContentNegotiationManager'
2402 [main] TRACE o.a.s.s.web.ShiroFilterFactoryBean - Ignoring non-Filter bean 'mvcCorsConfigurations'
2466 [main] TRACE o.a.s.s.web.ShiroFilterFactoryBean - Ignoring non-Filter bean 'org.springframework.format.support.FormattingConversionServiceFactoryBean#0'
2617 [main] TRACE o.a.s.s.web.ShiroFilterFactoryBean - Ignoring non-Filter bean '(inner bean)#7e4d2287'
2629 [main] TRACE o.a.s.s.web.ShiroFilterFactoryBean - Ignoring non-Filter bean 'org.springframework.web.servlet.handler.MappedInterceptor#0'
2635 [main] TRACE o.a.s.s.web.ShiroFilterFactoryBean - Ignoring non-Filter bean '(inner bean)#1da4b6b3'
2641 [main] TRACE o.a.s.s.web.ShiroFilterFactoryBean - Ignoring non-Filter bean '(inner bean)#6d2dc9d2'
2642 [main] TRACE o.a.s.s.web.ShiroFilterFactoryBean - Ignoring non-Filter bean 'org.springframework.web.servlet.handler.MappedInterceptor#1'
2644 [main] TRACE o.a.s.s.web.ShiroFilterFactoryBean - Ignoring non-Filter bean 'org.springframework.web.servlet.mvc.method.annotation.RequestMappingHandlerMapping'
3198 [main] TRACE o.a.s.s.web.ShiroFilterFactoryBean - Ignoring non-Filter bean '(inner bean)#1bc49bc5'
3210 [main] TRACE o.a.s.s.web.ShiroFilterFactoryBean - Ignoring non-Filter bean '(inner bean)#44e93c1f'
3219 [main] TRACE o.a.s.s.web.ShiroFilterFactoryBean - Ignoring non-Filter bean '(inner bean)#a62c7cd'
3228 [main] TRACE o.a.s.s.web.ShiroFilterFactoryBean - Ignoring non-Filter bean '(inner bean)#7661b5a'
3237 [main] TRACE o.a.s.s.web.ShiroFilterFactoryBean - Ignoring non-Filter bean '(inner bean)#7c36db44'
3265 [main] TRACE o.a.s.s.web.ShiroFilterFactoryBean - Ignoring non-Filter bean '(inner bean)#65c33b92'
3280 [main] TRACE o.a.s.s.web.ShiroFilterFactoryBean - Ignoring non-Filter bean '(inner bean)#42ea287'
3317 [main] TRACE o.a.s.s.web.ShiroFilterFactoryBean - Ignoring non-Filter bean '(inner bean)#65a48602'
3576 [main] TRACE o.a.s.s.web.ShiroFilterFactoryBean - Ignoring non-Filter bean '(inner bean)#78cd163b'
3633 [main] TRACE o.a.s.s.web.ShiroFilterFactoryBean - Ignoring non-Filter bean '(inner bean)#5460b754'
3642 [main] TRACE o.a.s.s.web.ShiroFilterFactoryBean - Ignoring non-Filter bean '(inner bean)#a9f023e'
3644 [main] TRACE o.a.s.s.web.ShiroFilterFactoryBean - Ignoring non-Filter bean 'org.springframework.web.servlet.mvc.method.annotation.RequestMappingHandlerAdapter'
3773 [main] TRACE o.a.s.s.web.ShiroFilterFactoryBean - Ignoring non-Filter bean '(inner bean)#1bc49bc5#1'
3775 [main] TRACE o.a.s.s.web.ShiroFilterFactoryBean - Ignoring non-Filter bean '(inner bean)#44e93c1f#1'
3782 [main] TRACE o.a.s.s.web.ShiroFilterFactoryBean - Ignoring non-Filter bean '(inner bean)#a62c7cd#1'
3790 [main] TRACE o.a.s.s.web.ShiroFilterFactoryBean - Ignoring non-Filter bean '(inner bean)#7661b5a#1'
3795 [main] TRACE o.a.s.s.web.ShiroFilterFactoryBean - Ignoring non-Filter bean '(inner bean)#7c36db44#1'
3813 [main] TRACE o.a.s.s.web.ShiroFilterFactoryBean - Ignoring non-Filter bean '(inner bean)#65c33b92#1'
3817 [main] TRACE o.a.s.s.web.ShiroFilterFactoryBean - Ignoring non-Filter bean '(inner bean)#42ea287#1'
3831 [main] TRACE o.a.s.s.web.ShiroFilterFactoryBean - Ignoring non-Filter bean '(inner bean)#65a48602#1'
3965 [main] TRACE o.a.s.s.web.ShiroFilterFactoryBean - Ignoring non-Filter bean '(inner bean)#78cd163b#1'
3984 [main] TRACE o.a.s.s.web.ShiroFilterFactoryBean - Ignoring non-Filter bean '(inner bean)#5460b754#1'
3986 [main] TRACE o.a.s.s.web.ShiroFilterFactoryBean - Ignoring non-Filter bean '(inner bean)#a9f023e#1'
3988 [main] TRACE o.a.s.s.web.ShiroFilterFactoryBean - Ignoring non-Filter bean '(inner bean)#39a87e72'
4052 [main] TRACE o.a.s.s.web.ShiroFilterFactoryBean - Ignoring non-Filter bean 'mvcUriComponentsContributor'
4068 [main] TRACE o.a.s.s.web.ShiroFilterFactoryBean - Ignoring non-Filter bean '(inner bean)#44e93c1f#2'
4071 [main] TRACE o.a.s.s.web.ShiroFilterFactoryBean - Ignoring non-Filter bean '(inner bean)#a62c7cd#2'
4075 [main] TRACE o.a.s.s.web.ShiroFilterFactoryBean - Ignoring non-Filter bean '(inner bean)#7661b5a#2'
4079 [main] TRACE o.a.s.s.web.ShiroFilterFactoryBean - Ignoring non-Filter bean '(inner bean)#7c36db44#2'
4093 [main] TRACE o.a.s.s.web.ShiroFilterFactoryBean - Ignoring non-Filter bean '(inner bean)#65c33b92#2'
4097 [main] TRACE o.a.s.s.web.ShiroFilterFactoryBean - Ignoring non-Filter bean '(inner bean)#42ea287#2'
4112 [main] TRACE o.a.s.s.web.ShiroFilterFactoryBean - Ignoring non-Filter bean '(inner bean)#65a48602#2'
4297 [main] TRACE o.a.s.s.web.ShiroFilterFactoryBean - Ignoring non-Filter bean '(inner bean)#78cd163b#2'
4319 [main] TRACE o.a.s.s.web.ShiroFilterFactoryBean - Ignoring non-Filter bean '(inner bean)#2f4c2cd4'
4321 [main] TRACE o.a.s.s.web.ShiroFilterFactoryBean - Ignoring non-Filter bean 'org.springframework.web.servlet.mvc.method.annotation.ExceptionHandlerExceptionResolver#0'
4349 [main] TRACE o.a.s.s.web.ShiroFilterFactoryBean - Ignoring non-Filter bean 'org.springframework.web.servlet.mvc.annotation.ResponseStatusExceptionResolver#0'
4356 [main] TRACE o.a.s.s.web.ShiroFilterFactoryBean - Ignoring non-Filter bean 'org.springframework.web.servlet.mvc.support.DefaultHandlerExceptionResolver#0'
4377 [main] TRACE o.a.s.s.web.ShiroFilterFactoryBean - Ignoring non-Filter bean 'org.springframework.web.servlet.handler.BeanNameUrlHandlerMapping'
4412 [main] TRACE o.a.s.s.web.ShiroFilterFactoryBean - Ignoring non-Filter bean 'org.springframework.web.servlet.mvc.HttpRequestHandlerAdapter'
4416 [main] TRACE o.a.s.s.web.ShiroFilterFactoryBean - Ignoring non-Filter bean 'org.springframework.web.servlet.mvc.SimpleControllerHandlerAdapter'
4422 [main] TRACE o.a.s.s.web.ShiroFilterFactoryBean - Ignoring non-Filter bean 'org.springframework.web.servlet.resource.DefaultServletHttpRequestHandler#0'
4441 [main] TRACE o.a.s.s.web.ShiroFilterFactoryBean - Ignoring non-Filter bean 'org.springframework.web.servlet.handler.SimpleUrlHandlerMapping#0'
4477 [main] TRACE o.a.s.s.web.ShiroFilterFactoryBean - Ignoring non-Filter bean 'mvcResourceUrlProvider'
4494 [main] TRACE o.a.s.s.web.ShiroFilterFactoryBean - Ignoring non-Filter bean 'org.springframework.web.servlet.resource.ResourceHttpRequestHandler#0'
4535 [main] TRACE o.a.s.s.web.ShiroFilterFactoryBean - Ignoring non-Filter bean 'mvcPathMatcher'
4538 [main] TRACE o.a.s.s.web.ShiroFilterFactoryBean - Ignoring non-Filter bean 'mvcUrlPathHelper'
4542 [main] TRACE o.a.s.s.web.ShiroFilterFactoryBean - Ignoring non-Filter bean 'org.springframework.web.servlet.handler.SimpleUrlHandlerMapping#1'
4652 [main] TRACE o.a.s.s.web.ShiroFilterFactoryBean - Ignoring non-Filter bean 'org.springframework.web.servlet.view.InternalResourceViewResolver#0'
4689 [main] TRACE o.a.s.s.web.ShiroFilterFactoryBean - Ignoring non-Filter bean 'org.springframework.http.converter.json.MappingJackson2HttpMessageConverter#0'
4719 [main] TRACE o.a.s.s.web.ShiroFilterFactoryBean - Ignoring non-Filter bean 'multipartResolver'
4892 [main] TRACE o.a.s.s.web.ShiroFilterFactoryBean - Ignoring non-Filter bean 'cn.gov.baiyin.court.test.MainTest'
1247 [main] INFO  c.a.druid.pool.DruidDataSource - {dataSource-1} inited
1423 [main] DEBUG o.a.s.s.LifecycleBeanPostProcessor - Initializing bean [userRealm]...
1424 [main] DEBUG o.a.shiro.realm.AuthorizingRealm - No authorizationCache instance set.  Checking for a cacheManager...
1424 [main] INFO  o.a.shiro.realm.AuthorizingRealm - No cache or cacheManager properties have been set.  Authorization cache cannot be obtained.
1436 [main] DEBUG o.a.shiro.realm.AuthorizingRealm - No authorizationCache instance set.  Checking for a cacheManager...
1437 [main] DEBUG o.a.shiro.realm.AuthorizingRealm - CacheManager [cn.gov.baiyin.court.core.shiro.ShiroCacheManager@57c88764] has been configured.  Building authorization cache named [cn.gov.baiyin.court.core.shiro.MyAccountRealm.authorizationCache]
1571 [main] TRACE o.a.s.w.f.a.FormAuthenticationFilter - Adding login url to applied paths.
1589 [main] TRACE o.a.s.w.f.a.FormAuthenticationFilter - Adding login url to applied paths.
1850 [main] TRACE org.apache.shiro.config.Ini - Discovered key/value pair: /login=authc
1852 [main] TRACE org.apache.shiro.config.Ini - Discovered key/value pair: /admin/**=roles[admin]
1853 [main] TRACE org.apache.shiro.config.Ini - Discovered key/value pair: /**=user
1854 [main] TRACE org.apache.shiro.config.Ini - Specified name was null or empty.  Defaulting to the default section (name = "")
1874 [main] TRACE o.a.s.s.web.ShiroFilterFactoryBean - Ignoring non-Filter bean 'org.springframework.context.event.internalEventListenerProcessor'
1880 [main] TRACE o.a.s.s.web.ShiroFilterFactoryBean - Ignoring non-Filter bean 'org.springframework.context.event.internalEventListenerFactory'
1888 [main] TRACE o.a.s.s.web.ShiroFilterFactoryBean - Ignoring non-Filter bean 'indexController'
1905 [main] TRACE o.a.s.s.web.ShiroFilterFactoryBean - Ignoring non-Filter bean 'mvcContentNegotiationManager'
1973 [main] TRACE o.a.s.s.web.ShiroFilterFactoryBean - Ignoring non-Filter bean 'mvcCorsConfigurations'
2033 [main] TRACE o.a.s.s.web.ShiroFilterFactoryBean - Ignoring non-Filter bean 'org.springframework.format.support.FormattingConversionServiceFactoryBean#0'
2202 [main] TRACE o.a.s.s.web.ShiroFilterFactoryBean - Ignoring non-Filter bean '(inner bean)#7e4d2287'
2211 [main] TRACE o.a.s.s.web.ShiroFilterFactoryBean - Ignoring non-Filter bean 'org.springframework.web.servlet.handler.MappedInterceptor#0'
2219 [main] TRACE o.a.s.s.web.ShiroFilterFactoryBean - Ignoring non-Filter bean '(inner bean)#1da4b6b3'
2225 [main] TRACE o.a.s.s.web.ShiroFilterFactoryBean - Ignoring non-Filter bean '(inner bean)#6d2dc9d2'
2228 [main] TRACE o.a.s.s.web.ShiroFilterFactoryBean - Ignoring non-Filter bean 'org.springframework.web.servlet.handler.MappedInterceptor#1'
2229 [main] TRACE o.a.s.s.web.ShiroFilterFactoryBean - Ignoring non-Filter bean 'org.springframework.web.servlet.mvc.method.annotation.RequestMappingHandlerMapping'
2673 [main] TRACE o.a.s.s.web.ShiroFilterFactoryBean - Ignoring non-Filter bean '(inner bean)#2b2f5fcf'
2681 [main] TRACE o.a.s.s.web.ShiroFilterFactoryBean - Ignoring non-Filter bean '(inner bean)#216e0771'
2691 [main] TRACE o.a.s.s.web.ShiroFilterFactoryBean - Ignoring non-Filter bean '(inner bean)#67c5ac52'
2704 [main] TRACE o.a.s.s.web.ShiroFilterFactoryBean - Ignoring non-Filter bean '(inner bean)#36417a54'
2717 [main] TRACE o.a.s.s.web.ShiroFilterFactoryBean - Ignoring non-Filter bean '(inner bean)#2b8bb184'
2751 [main] TRACE o.a.s.s.web.ShiroFilterFactoryBean - Ignoring non-Filter bean '(inner bean)#472a11ae'
2769 [main] TRACE o.a.s.s.web.ShiroFilterFactoryBean - Ignoring non-Filter bean '(inner bean)#46185a1b'
2800 [main] TRACE o.a.s.s.web.ShiroFilterFactoryBean - Ignoring non-Filter bean '(inner bean)#1ac4ccad'
2988 [main] TRACE o.a.s.s.web.ShiroFilterFactoryBean - Ignoring non-Filter bean '(inner bean)#51288417'
3014 [main] TRACE o.a.s.s.web.ShiroFilterFactoryBean - Ignoring non-Filter bean '(inner bean)#30364216'
3021 [main] TRACE o.a.s.s.web.ShiroFilterFactoryBean - Ignoring non-Filter bean '(inner bean)#38bb9d7a'
3023 [main] TRACE o.a.s.s.web.ShiroFilterFactoryBean - Ignoring non-Filter bean 'org.springframework.web.servlet.mvc.method.annotation.RequestMappingHandlerAdapter'
3233 [main] TRACE o.a.s.s.web.ShiroFilterFactoryBean - Ignoring non-Filter bean '(inner bean)#2b2f5fcf#1'
3235 [main] TRACE o.a.s.s.web.ShiroFilterFactoryBean - Ignoring non-Filter bean '(inner bean)#216e0771#1'
3241 [main] TRACE o.a.s.s.web.ShiroFilterFactoryBean - Ignoring non-Filter bean '(inner bean)#67c5ac52#1'
3248 [main] TRACE o.a.s.s.web.ShiroFilterFactoryBean - Ignoring non-Filter bean '(inner bean)#36417a54#1'
3256 [main] TRACE o.a.s.s.web.ShiroFilterFactoryBean - Ignoring non-Filter bean '(inner bean)#2b8bb184#1'
3272 [main] TRACE o.a.s.s.web.ShiroFilterFactoryBean - Ignoring non-Filter bean '(inner bean)#472a11ae#1'
3277 [main] TRACE o.a.s.s.web.ShiroFilterFactoryBean - Ignoring non-Filter bean '(inner bean)#46185a1b#1'
3294 [main] TRACE o.a.s.s.web.ShiroFilterFactoryBean - Ignoring non-Filter bean '(inner bean)#1ac4ccad#1'
3510 [main] TRACE o.a.s.s.web.ShiroFilterFactoryBean - Ignoring non-Filter bean '(inner bean)#51288417#1'
3540 [main] TRACE o.a.s.s.web.ShiroFilterFactoryBean - Ignoring non-Filter bean '(inner bean)#30364216#1'
3545 [main] TRACE o.a.s.s.web.ShiroFilterFactoryBean - Ignoring non-Filter bean '(inner bean)#38bb9d7a#1'
3547 [main] TRACE o.a.s.s.web.ShiroFilterFactoryBean - Ignoring non-Filter bean '(inner bean)#1422ac7f'
3698 [main] TRACE o.a.s.s.web.ShiroFilterFactoryBean - Ignoring non-Filter bean 'mvcUriComponentsContributor'
3756 [main] TRACE o.a.s.s.web.ShiroFilterFactoryBean - Ignoring non-Filter bean '(inner bean)#216e0771#2'
3762 [main] TRACE o.a.s.s.web.ShiroFilterFactoryBean - Ignoring non-Filter bean '(inner bean)#67c5ac52#2'
3769 [main] TRACE o.a.s.s.web.ShiroFilterFactoryBean - Ignoring non-Filter bean '(inner bean)#36417a54#2'
3779 [main] TRACE o.a.s.s.web.ShiroFilterFactoryBean - Ignoring non-Filter bean '(inner bean)#2b8bb184#2'
3807 [main] TRACE o.a.s.s.web.ShiroFilterFactoryBean - Ignoring non-Filter bean '(inner bean)#472a11ae#2'
3813 [main] TRACE o.a.s.s.web.ShiroFilterFactoryBean - Ignoring non-Filter bean '(inner bean)#46185a1b#2'
3832 [main] TRACE o.a.s.s.web.ShiroFilterFactoryBean - Ignoring non-Filter bean '(inner bean)#1ac4ccad#2'
4058 [main] TRACE o.a.s.s.web.ShiroFilterFactoryBean - Ignoring non-Filter bean '(inner bean)#51288417#2'
4093 [main] TRACE o.a.s.s.web.ShiroFilterFactoryBean - Ignoring non-Filter bean '(inner bean)#25aeb5ac'
4095 [main] TRACE o.a.s.s.web.ShiroFilterFactoryBean - Ignoring non-Filter bean 'org.springframework.web.servlet.mvc.method.annotation.ExceptionHandlerExceptionResolver#0'
4150 [main] TRACE o.a.s.s.web.ShiroFilterFactoryBean - Ignoring non-Filter bean 'org.springframework.web.servlet.mvc.annotation.ResponseStatusExceptionResolver#0'
4161 [main] TRACE o.a.s.s.web.ShiroFilterFactoryBean - Ignoring non-Filter bean 'org.springframework.web.servlet.mvc.support.DefaultHandlerExceptionResolver#0'
4288 [main] TRACE o.a.s.s.web.ShiroFilterFactoryBean - Ignoring non-Filter bean 'org.springframework.web.servlet.handler.BeanNameUrlHandlerMapping'
4369 [main] TRACE o.a.s.s.web.ShiroFilterFactoryBean - Ignoring non-Filter bean 'org.springframework.web.servlet.mvc.HttpRequestHandlerAdapter'
4382 [main] TRACE o.a.s.s.web.ShiroFilterFactoryBean - Ignoring non-Filter bean 'org.springframework.web.servlet.mvc.SimpleControllerHandlerAdapter'
4394 [main] TRACE o.a.s.s.web.ShiroFilterFactoryBean - Ignoring non-Filter bean 'org.springframework.web.servlet.resource.DefaultServletHttpRequestHandler#0'
4435 [main] TRACE o.a.s.s.web.ShiroFilterFactoryBean - Ignoring non-Filter bean 'org.springframework.web.servlet.handler.SimpleUrlHandlerMapping#0'
4492 [main] TRACE o.a.s.s.web.ShiroFilterFactoryBean - Ignoring non-Filter bean 'mvcResourceUrlProvider'
4509 [main] TRACE o.a.s.s.web.ShiroFilterFactoryBean - Ignoring non-Filter bean 'org.springframework.web.servlet.resource.ResourceHttpRequestHandler#0'
4563 [main] TRACE o.a.s.s.web.ShiroFilterFactoryBean - Ignoring non-Filter bean 'mvcPathMatcher'
4572 [main] TRACE o.a.s.s.web.ShiroFilterFactoryBean - Ignoring non-Filter bean 'mvcUrlPathHelper'
4579 [main] TRACE o.a.s.s.web.ShiroFilterFactoryBean - Ignoring non-Filter bean 'org.springframework.web.servlet.handler.SimpleUrlHandlerMapping#1'
4825 [main] TRACE o.a.s.s.web.ShiroFilterFactoryBean - Ignoring non-Filter bean 'org.springframework.web.servlet.view.InternalResourceViewResolver#0'
4907 [main] TRACE o.a.s.s.web.ShiroFilterFactoryBean - Ignoring non-Filter bean 'org.springframework.http.converter.json.MappingJackson2HttpMessageConverter#0'
4955 [main] TRACE o.a.s.s.web.ShiroFilterFactoryBean - Ignoring non-Filter bean 'multipartResolver'
5148 [main] TRACE o.a.s.s.web.ShiroFilterFactoryBean - Ignoring non-Filter bean 'cn.gov.baiyin.court.test.MainTest'
3202102 [Thread-1] DEBUG o.a.s.s.LifecycleBeanPostProcessor - Destroying bean [securityManager]...
3202112 [Thread-1] INFO  c.a.druid.pool.DruidDataSource - {dataSource-1} closed
